<?xml version="1.0" encoding="UTF-8"?>
<testsuite name="com.example.hellospring.service.MemberServiceIntegrationTest" tests="1" skipped="0" failures="0" errors="0" timestamp="2023-01-27T11:44:07" hostname="hansolbins-MacBook-Air.local" time="0.178">
  <properties/>
  <testcase name="회원가입()" classname="com.example.hellospring.service.MemberServiceIntegrationTest" time="0.178"/>
  <system-out><![CDATA[20:44:05.899 [Test worker] DEBUG org.springframework.boot.test.context.SpringBootTestContextBootstrapper - Neither @ContextConfiguration nor @ContextHierarchy found for test class [MemberServiceIntegrationTest]: using SpringBootContextLoader
20:44:05.901 [Test worker] DEBUG org.springframework.test.context.support.AbstractContextLoader - Could not detect default resource locations for test class [com.example.hellospring.service.MemberServiceIntegrationTest]: no resource found for suffixes {-context.xml, Context.groovy}.
20:44:05.901 [Test worker] INFO org.springframework.test.context.support.AnnotationConfigContextLoaderUtils - Could not detect default configuration classes for test class [com.example.hellospring.service.MemberServiceIntegrationTest]: MemberServiceIntegrationTest does not declare any static, non-private, non-final, nested classes annotated with @Configuration.
20:44:05.910 [Test worker] DEBUG org.springframework.boot.test.context.SpringBootTestContextBootstrapper - Using ContextCustomizers for test class [MemberServiceIntegrationTest]: [DisableObservabilityContextCustomizer, PropertyMappingContextCustomizer, Customizer, ExcludeFilterContextCustomizer, DuplicateJsonObjectContextCustomizer, MockitoContextCustomizer, TestRestTemplateContextCustomizer]
20:44:05.938 [Test worker] DEBUG org.springframework.context.annotation.ClassPathScanningCandidateComponentProvider - Identified candidate component class: file [/Users/hansolbin/Documents/GitHub/HSBSB/build/classes/java/main/com/example/hellospring/HelloSpringApplication.class]
20:44:05.939 [Test worker] INFO org.springframework.boot.test.context.SpringBootTestContextBootstrapper - Found @SpringBootConfiguration com.example.hellospring.HelloSpringApplication for test class com.example.hellospring.service.MemberServiceIntegrationTest
20:44:05.972 [Test worker] DEBUG org.springframework.boot.test.context.SpringBootTestContextBootstrapper - Using TestExecutionListeners for test class [MemberServiceIntegrationTest]: [ServletTestExecutionListener, DirtiesContextBeforeModesTestExecutionListener, ApplicationEventsTestExecutionListener, MockitoTestExecutionListener, DependencyInjectionTestExecutionListener, DirtiesContextTestExecutionListener, TransactionalTestExecutionListener, SqlScriptsTestExecutionListener, EventPublishingTestExecutionListener, RestDocsTestExecutionListener, MockRestServiceServerResetTestExecutionListener, MockMvcPrintOnlyOnFailureTestExecutionListener, WebDriverTestExecutionListener, MockWebServiceServerTestExecutionListener, ResetMocksTestExecutionListener]
20:44:05.973 [Test worker] DEBUG org.springframework.test.context.support.AbstractDirtiesContextTestExecutionListener - Before test class: class [MemberServiceIntegrationTest], class annotated with @DirtiesContext [false] with mode [null]

  .   ____          _            __ _ _
 /\\ / ___'_ __ _ _(_)_ __  __ _ \ \ \ \
( ( )\___ | '_ | '_| | '_ \/ _` | \ \ \ \
 \\/  ___)| |_)| | | | | || (_| |  ) ) ) )
  '  |____| .__|_| |_|_| |_\__, | / / / /
 =========|_|==============|___/=/_/_/_/
 :: Spring Boot ::                (v3.0.2)

2023-01-27T20:44:06.074+09:00  INFO 14822 --- [    Test worker] c.e.h.s.MemberServiceIntegrationTest     : Starting MemberServiceIntegrationTest using Java 17.0.6 with PID 14822 (started by hansolbin in /Users/hansolbin/Documents/GitHub/HSBSB)
2023-01-27T20:44:06.075+09:00  INFO 14822 --- [    Test worker] c.e.h.s.MemberServiceIntegrationTest     : No active profile set, falling back to 1 default profile: "default"
2023-01-27T20:44:06.354+09:00  INFO 14822 --- [    Test worker] .s.d.r.c.RepositoryConfigurationDelegate : Bootstrapping Spring Data JPA repositories in DEFAULT mode.
2023-01-27T20:44:06.464+09:00  INFO 14822 --- [    Test worker] .s.d.r.c.RepositoryConfigurationDelegate : Finished Spring Data repository scanning in 81 ms. Found 1 JPA repository interfaces.
2023-01-27T20:44:06.727+09:00  INFO 14822 --- [    Test worker] o.hibernate.jpa.internal.util.LogHelper  : HHH000204: Processing PersistenceUnitInfo [name: default]
2023-01-27T20:44:06.751+09:00  INFO 14822 --- [    Test worker] org.hibernate.Version                    : HHH000412: Hibernate ORM core version 6.1.6.Final
2023-01-27T20:44:06.831+09:00  WARN 14822 --- [    Test worker] org.hibernate.orm.deprecation            : HHH90000021: Encountered deprecated setting [javax.persistence.sharedCache.mode], use [jakarta.persistence.sharedCache.mode] instead
2023-01-27T20:44:06.884+09:00  INFO 14822 --- [    Test worker] com.zaxxer.hikari.HikariDataSource       : HikariPool-1 - Starting...
2023-01-27T20:44:07.005+09:00  INFO 14822 --- [    Test worker] com.zaxxer.hikari.pool.HikariPool        : HikariPool-1 - Added connection org.postgresql.jdbc.PgConnection@4628a02b
2023-01-27T20:44:07.006+09:00  INFO 14822 --- [    Test worker] com.zaxxer.hikari.HikariDataSource       : HikariPool-1 - Start completed.
2023-01-27T20:44:07.042+09:00  INFO 14822 --- [    Test worker] SQL dialect                              : HHH000400: Using dialect: org.hibernate.dialect.PostgreSQLDialect
2023-01-27T20:44:07.314+09:00  INFO 14822 --- [    Test worker] o.h.e.t.j.p.i.JtaPlatformInitiator       : HHH000490: Using JtaPlatform implementation: [org.hibernate.engine.transaction.jta.platform.internal.NoJtaPlatform]
2023-01-27T20:44:07.317+09:00  INFO 14822 --- [    Test worker] j.LocalContainerEntityManagerFactoryBean : Initialized JPA EntityManagerFactory for persistence unit 'default'
2023-01-27T20:44:07.494+09:00  WARN 14822 --- [    Test worker] JpaBaseConfiguration$JpaWebConfiguration : spring.jpa.open-in-view is enabled by default. Therefore, database queries may be performed during view rendering. Explicitly configure spring.jpa.open-in-view to disable this warning
2023-01-27T20:44:07.558+09:00  INFO 14822 --- [    Test worker] o.s.b.a.w.s.WelcomePageHandlerMapping    : Adding welcome page: class path resource [static/index.html]
2023-01-27T20:44:07.638+09:00  INFO 14822 --- [    Test worker] c.e.h.s.MemberServiceIntegrationTest     : Started MemberServiceIntegrationTest in 1.65 seconds (process running for 2.1)
]]></system-out>
  <system-err><![CDATA[]]></system-err>
</testsuite>
